<?xml version="1.0" encoding="UTF-8"?>
<!-- Generated by org.testng.reporters.JUnitReportReporter -->
<testsuite hostname="Tikas-MacBook-Air.local" failures="0" tests="2" name="learning_togther.Learning_Parameters" time="-1731352448.000" errors="1" timestamp="2024-11-11T11:14:48 PST" skipped="1">
  <testcase classname="learning_togther.Learning_Parameters" name="login_func" time="0.000">
    <skipped/>
  </testcase> <!-- login_func -->
  <system-out/>
  <testcase classname="learning_togther.Learning_Parameters" name="initialize_Webdriver" time="-1731352448.000">
    <error message="
Parameter &#039;Browser&#039; is required by BeforeTest on method initialize_Webdriver but has not been marked @Optional or defined
in /private/var/folders/ht/tyr6ybwd4hs_ydlskqdr71xc0000gn/T/testng-eclipse-1616825831/testng-customsuite.xml" type="org.testng.TestNGException">
      <![CDATA[org.testng.TestNGException: 
Parameter 'Browser' is required by BeforeTest on method initialize_Webdriver but has not been marked @Optional or defined
in /private/var/folders/ht/tyr6ybwd4hs_ydlskqdr71xc0000gn/T/testng-eclipse-1616825831/testng-customsuite.xml
at org.testng.internal.Parameters.createParams(Parameters.java:270)
at org.testng.internal.Parameters.createParametersForMethod(Parameters.java:358)
at org.testng.internal.Parameters.createParameters(Parameters.java:700)
at org.testng.internal.Parameters.createConfigurationParameters(Parameters.java:168)
at org.testng.internal.ConfigInvoker.invokeConfigurations(ConfigInvoker.java:302)
at org.testng.TestRunner.invokeTestConfigurations(TestRunner.java:637)
at org.testng.TestRunner.beforeRun(TestRunner.java:627)
at org.testng.TestRunner.run(TestRunner.java:589)
at org.testng.SuiteRunner.runTest(SuiteRunner.java:377)
at org.testng.SuiteRunner.runSequentially(SuiteRunner.java:371)
at org.testng.SuiteRunner.privateRun(SuiteRunner.java:332)
at org.testng.SuiteRunner.run(SuiteRunner.java:276)
at org.testng.SuiteRunnerWorker.runSuite(SuiteRunnerWorker.java:53)
at org.testng.SuiteRunnerWorker.run(SuiteRunnerWorker.java:96)
at org.testng.TestNG.runSuitesSequentially(TestNG.java:1212)
at org.testng.TestNG.runSuitesLocally(TestNG.java:1134)
at org.testng.TestNG.runSuites(TestNG.java:1063)
at org.testng.TestNG.run(TestNG.java:1031)
at org.testng.remote.AbstractRemoteTestNG.run(AbstractRemoteTestNG.java:115)
at org.testng.remote.RemoteTestNG.initAndRun(RemoteTestNG.java:251)
at org.testng.remote.RemoteTestNG.main(RemoteTestNG.java:77)
]]>
    </error>
  </testcase> <!-- initialize_Webdriver -->
  <system-out/>
</testsuite> <!-- learning_togther.Learning_Parameters -->
